<?xml version="1.0" encoding="utf-8"?><testsuites><testsuite name="pytest" errors="0" failures="2" skipped="0" tests="4" time="9.401" timestamp="2024-07-12T15:12:21.553920" hostname="COL-LT-240626A"><testcase classname="tests.model.test_model.TestModel" name="test_model_fit" time="2.161" /><testcase classname="tests.model.test_model.TestModel" name="test_model_predict" time="0.604" /><testcase classname="tests.model.test_model.TestModel" name="test_model_preprocess_for_serving" time="0.396"><failure message="AssertionError: assert 91 == 10&#10; +  where 10 = len(['OPERA_Latin American Wings', 'MES_7', 'MES_10', 'OPERA_Grupo LATAM', 'MES_12', 'TIPOVUELO_I', ...])&#10; +    where ['OPERA_Latin American Wings', 'MES_7', 'MES_10', 'OPERA_Grupo LATAM', 'MES_12', 'TIPOVUELO_I', ...] = &lt;tests.model.test_model.TestModel testMethod=test_model_preprocess_for_serving&gt;.FEATURES_COLS">self = &lt;tests.model.test_model.TestModel testMethod=test_model_preprocess_for_serving&gt;

    def test_model_preprocess_for_serving(
        self
    ):
        features = self.model.preprocess(
            data=self.data
        )
    
        assert isinstance(features, pd.DataFrame)
&gt;       assert features.shape[1] == len(self.FEATURES_COLS)
E       AssertionError: assert 91 == 10
E        +  where 10 = len(['OPERA_Latin American Wings', 'MES_7', 'MES_10', 'OPERA_Grupo LATAM', 'MES_12', 'TIPOVUELO_I', ...])
E        +    where ['OPERA_Latin American Wings', 'MES_7', 'MES_10', 'OPERA_Grupo LATAM', 'MES_12', 'TIPOVUELO_I', ...] = &lt;tests.model.test_model.TestModel testMethod=test_model_preprocess_for_serving&gt;.FEATURES_COLS

tests/model/test_model.py:59: AssertionError</failure></testcase><testcase classname="tests.model.test_model.TestModel" name="test_model_preprocess_for_training" time="0.504"><failure message="AssertionError: assert 91 == 10&#10; +  where 10 = len(['OPERA_Latin American Wings', 'MES_7', 'MES_10', 'OPERA_Grupo LATAM', 'MES_12', 'TIPOVUELO_I', ...])&#10; +    where ['OPERA_Latin American Wings', 'MES_7', 'MES_10', 'OPERA_Grupo LATAM', 'MES_12', 'TIPOVUELO_I', ...] = &lt;tests.model.test_model.TestModel testMethod=test_model_preprocess_for_training&gt;.FEATURES_COLS">self = &lt;tests.model.test_model.TestModel testMethod=test_model_preprocess_for_training&gt;

    def test_model_preprocess_for_training(
        self
    ):
        features, target = self.model.preprocess(
            data=self.data,
            target_column="delay"
        )
    
        assert isinstance(features, pd.DataFrame)
&gt;       assert features.shape[1] == len(self.FEATURES_COLS)
E       AssertionError: assert 91 == 10
E        +  where 10 = len(['OPERA_Latin American Wings', 'MES_7', 'MES_10', 'OPERA_Grupo LATAM', 'MES_12', 'TIPOVUELO_I', ...])
E        +    where ['OPERA_Latin American Wings', 'MES_7', 'MES_10', 'OPERA_Grupo LATAM', 'MES_12', 'TIPOVUELO_I', ...] = &lt;tests.model.test_model.TestModel testMethod=test_model_preprocess_for_training&gt;.FEATURES_COLS

tests/model/test_model.py:43: AssertionError</failure></testcase></testsuite></testsuites>